<?xml version="1.0" encoding="UTF-8"?>
<!-- Generated by org.testng.reporters.JUnitReportReporter -->
<testsuite skipped="0" hostname="DESKTOP-VUF2N1B" name="SanityTests.myFitnessPalWeb" tests="1" failures="0" timestamp="17 Jan 2021 17:54:13 GMT" time="1.175" errors="0">
  <testcase name="test01_verifyMainHeader" time="1.175" classname="SanityTests.myFitnessPalWeb"/>
</testsuite> <!-- SanityTests.myFitnessPalWeb -->
